
> vibe-generated-app@1.0.0 dev
> vite


  VITE v5.4.20  ready in 264 ms

  ➜  Local:   http://localhost:3000/
  ➜  Network: http://172.20.2.51:3000/
12:22:12 PM [vite] Pre-transform error: Failed to resolve import "./pages/About" from "src/main.jsx". Does the file exist?
12:22:12 PM [vite] Pre-transform error: Failed to resolve import "./components/Navbar" from "src/App.jsx". Does the file exist?
12:22:12 PM [vite] Internal server error: Failed to resolve import "./pages/About" from "src/main.jsx". Does the file exist?
  Plugin: vite:import-analysis
  File: /home/workspace/src/main.jsx:5:18
  4  |  import { BrowserRouter, Routes, Route } from "react-router-dom";
  5  |  import App from "./App";
  6  |  import About from "./pages/About";
     |                     ^
  7  |  import Services from "./pages/Services";
  8  |  import Contact from "./pages/Contact";
      at TransformPluginContext._formatError (file:///home/workspace/node_modules/vite/dist/node/chunks/dep-D_zLpgQd.js:49258:41)
      at TransformPluginContext.error (file:///home/workspace/node_modules/vite/dist/node/chunks/dep-D_zLpgQd.js:49253:16)
      at normalizeUrl (file:///home/workspace/node_modules/vite/dist/node/chunks/dep-D_zLpgQd.js:64306:23)
      at process.processTicksAndRejections (node:internal/process/task_queues:105:5)
      at async file:///home/workspace/node_modules/vite/dist/node/chunks/dep-D_zLpgQd.js:64438:39
      at async Promise.all (index 5)
      at async TransformPluginContext.transform (file:///home/workspace/node_modules/vite/dist/node/chunks/dep-D_zLpgQd.js:64365:7)
      at async PluginContainer.transform (file:///home/workspace/node_modules/vite/dist/node/chunks/dep-D_zLpgQd.js:49099:18)
      at async loadAndTransform (file:///home/workspace/node_modules/vite/dist/node/chunks/dep-D_zLpgQd.js:51977:27)
      at async viteTransformMiddleware (file:///home/workspace/node_modules/vite/dist/node/chunks/dep-D_zLpgQd.js:62105:24)
12:22:12 PM [vite] Pre-transform error: Failed to resolve import "./components/Navbar" from "src/App.jsx". Does the file exist?
12:22:13 PM [vite] Pre-transform error: Failed to resolve import "./pages/About" from "src/main.jsx". Does the file exist?
12:22:13 PM [vite] Pre-transform error: Failed to resolve import "./components/Navbar" from "src/App.jsx". Does the file exist?
12:22:36 PM [vite] Pre-transform error: Failed to resolve import "./pages/About" from "src/main.jsx". Does the file exist?
12:22:36 PM [vite] Pre-transform error: Failed to resolve import "./components/Navbar" from "src/App.jsx". Does the file exist?
12:22:37 PM [vite] Pre-transform error: Failed to resolve import "./pages/About" from "src/main.jsx". Does the file exist?
12:22:37 PM [vite] Pre-transform error: Failed to resolve import "./components/Navbar" from "src/App.jsx". Does the file exist?
12:22:37 PM [vite] Internal server error: Failed to resolve import "./pages/About" from "src/main.jsx". Does the file exist?
  Plugin: vite:import-analysis
  File: /home/workspace/src/main.jsx:5:18
  4  |  import { BrowserRouter, Routes, Route } from "react-router-dom";
  5  |  import App from "./App";
  6  |  import About from "./pages/About";
     |                     ^
  7  |  import Services from "./pages/Services";
  8  |  import Contact from "./pages/Contact";
      at TransformPluginContext._formatError (file:///home/workspace/node_modules/vite/dist/node/chunks/dep-D_zLpgQd.js:49258:41)
      at TransformPluginContext.error (file:///home/workspace/node_modules/vite/dist/node/chunks/dep-D_zLpgQd.js:49253:16)
      at normalizeUrl (file:///home/workspace/node_modules/vite/dist/node/chunks/dep-D_zLpgQd.js:64306:23)
      at process.processTicksAndRejections (node:internal/process/task_queues:105:5)
      at async file:///home/workspace/node_modules/vite/dist/node/chunks/dep-D_zLpgQd.js:64438:39
      at async Promise.all (index 5)
      at async TransformPluginContext.transform (file:///home/workspace/node_modules/vite/dist/node/chunks/dep-D_zLpgQd.js:64365:7)
      at async PluginContainer.transform (file:///home/workspace/node_modules/vite/dist/node/chunks/dep-D_zLpgQd.js:49099:18)
      at async loadAndTransform (file:///home/workspace/node_modules/vite/dist/node/chunks/dep-D_zLpgQd.js:51977:27)
      at async viteTransformMiddleware (file:///home/workspace/node_modules/vite/dist/node/chunks/dep-D_zLpgQd.js:62105:24)
12:22:37 PM [vite] Pre-transform error: Failed to resolve import "./components/Navbar" from "src/App.jsx". Does the file exist?
